2013-08-31 13:37:14,970 WARNING First item on this page is <div class="m_table_tit"><a href="/show?rid=K1CaJ8wBe7Kgi" target="_blank">@GaoMQ 举报@狼眼sniper 不实...</a></div>
2013-08-31 13:37:20,014 WARNING Sleeping...
2013-08-31 13:37:22,284 WARNING First item on this page is <div class="m_table_tit"><a href="/show?rid=K1CaJ8wBd7agg" target="_blank">@yuki小莫 举报@汽车猎头 不...</a></div>
2013-08-31 13:37:24,330 WARNING Sleeping...
2013-08-31 13:37:26,485 WARNING First item on this page is <div class="m_table_tit"><a href="/show?rid=K1CaJ8w9k8agi" target="_blank">@风吻的草 举报@我叫张艺凡 ...</a></div>
2013-08-31 13:37:30,531 WARNING Sleeping...
2013-08-31 13:37:32,681 WARNING First item on this page is <div class="m_table_tit"><a href="/show?rid=K1CaJ8w9g7K8j" target="_blank">@长川秀村 举报@七里香796371...</a></div>
2013-08-31 13:37:33,729 WARNING Sleeping...
2013-08-31 13:37:36,367 WARNING First item on this page is <div class="m_table_tit"><a href="/show?rid=K1CaJ8w9e7KYd" target="_blank">@人冬吉力Richard 举报@泩萿...</a></div>
2013-08-31 20:56:54,040 WARNING Exception! Sleep 300s
2013-08-31 21:02:19,377 WARNING Crawling top page url http://service.account.weibo.com/index?type=5&status=4&page=174
2013-08-31 21:02:19,377 WARNING Code = 200
2013-08-31 21:02:19,478 WARNING First item on this page is <div class="m_table_tit"><a href="/show?rid=K1CaJ7wxi7awe" target="_blank">@肇鑫 举报@放牧在Patagonia ...</a></div>
2013-08-31 21:02:21,533 WARNING Sleeping...
2013-08-31 21:02:46,031 WARNING Crawling top page url http://service.account.weibo.com/index?type=5&status=4&page=175
2013-08-31 21:02:46,031 WARNING Code = 200
2013-08-31 21:02:46,108 WARNING First item on this page is <div class="m_table_tit"><a href="/show?rid=K1CaJ7wxi7akm" target="_blank">@不是好猪 举报@哭de歇斯底裡...</a></div>
2013-08-31 21:02:49,154 WARNING Sleeping...
2013-08-31 21:02:54,726 WARNING Crawling top page url http://service.account.weibo.com/index?type=5&status=4&page=176
2013-08-31 21:02:54,726 WARNING Code = 200
2013-08-31 21:02:54,804 WARNING First item on this page is <div class="m_table_tit"><a href="/show?rid=K1CaJ7wxi7acm" target="_blank">@宋胖脸儿梦想成为宋小脸儿 ...</a></div>
2013-08-31 21:02:57,853 WARNING Sleeping...
2013-08-31 21:03:17,923 WARNING Crawling top page url http://service.account.weibo.com/index?type=5&status=4&page=177
2013-08-31 21:03:17,923 WARNING Code = 200
2013-08-31 21:03:18,001 WARNING First item on this page is <div class="m_table_tit"><a href="/show?rid=K1CaJ7wxi6K8f" target="_blank">@Kit再老一岁了 举报@幸福韩...</a></div>
2013-08-31 21:03:20,047 WARNING Sleeping...
2013-08-31 21:03:24,151 WARNING Crawling top page url http://service.account.weibo.com/index?type=5&status=4&page=178
2013-08-31 21:03:24,151 WARNING Code = 200
2013-08-31 21:03:24,228 WARNING First item on this page is <div class="m_table_tit"><a href="/show?rid=K1CaJ7wxi6Ksk" target="_blank">@冰糖葫芦丶丶丶 举报@优_龙...</a></div>
2013-08-31 21:03:28,274 WARNING Sleeping...
2013-08-31 21:03:42,905 WARNING Crawling top page url http://service.account.weibo.com/index?type=5&status=4&page=179
2013-08-31 21:03:42,905 WARNING Code = 200
2013-08-31 21:03:42,983 WARNING First item on this page is <div class="m_table_tit"><a href="/show?rid=K1CaJ7wxi6Kgk" target="_blank">@予侠 举报@太极拳陈辉 不实信息</a></div>
2013-08-31 21:03:44,031 WARNING Sleeping...
2013-08-31 21:04:24,990 WARNING Crawling top page url http://service.account.weibo.com/index?type=5&status=4&page=180
2013-08-31 21:04:24,990 WARNING Code = 200
2013-08-31 21:04:25,070 WARNING First item on this page is <div class="m_table_tit"><a href="/show?rid=K1CaJ7wxi6qog" target="_blank">@袁野o 举报@播音主持大百科 ...</a></div>
2013-08-31 21:04:30,114 WARNING Sleeping...
2013-08-31 21:04:33,723 WARNING Crawling top page url http://service.account.weibo.com/index?type=5&status=4&page=181
2013-08-31 21:04:33,724 WARNING Code = 200
2013-08-31 21:04:33,801 WARNING First item on this page is <div class="m_table_tit"><a href="/show?rid=K1CaJ7wxh7Kcl" target="_blank">@忽然_明媚 举报@Damon是个神...</a></div>
2013-08-31 21:04:34,849 WARNING Sleeping...
2013-08-31 21:04:45,387 WARNING Crawling top page url http://service.account.weibo.com/index?type=5&status=4&page=182
2013-08-31 21:04:45,387 WARNING Code = 200
2013-08-31 21:04:45,466 WARNING First item on this page is <div class="m_table_tit"><a href="/show?rid=K1CaJ7wxh768j" target="_blank">@唐七公子吧 举报@我来啦哦 ...</a></div>
2013-08-31 21:04:49,510 WARNING Sleeping...
2013-08-31 21:05:07,350 WARNING Crawling top page url http://service.account.weibo.com/index?type=5&status=4&page=183
2013-08-31 21:05:07,350 WARNING Code = 200
2013-08-31 21:05:07,428 WARNING First item on this page is <div class="m_table_tit"><a href="/show?rid=K1CaJ7wxh7q4d" target="_blank">@蓝鼠嘻嘻 举报@中美电影 不...</a></div>
2013-08-31 21:05:10,478 WARNING Sleeping...
2013-08-31 21:05:16,054 WARNING Crawling top page url http://service.account.weibo.com/index?type=5&status=4&page=184
2013-08-31 21:05:16,054 WARNING Code = 200
2013-08-31 21:05:16,131 WARNING First item on this page is <div class="m_table_tit"><a href="/show?rid=K1CaJ7wxh7qgm" target="_blank">@小孟Allen 举报@爾咚橙见曦...</a></div>
2013-08-31 21:05:17,179 WARNING Sleeping...
2013-08-31 21:05:59,608 WARNING Crawling top page url http://service.account.weibo.com/index?type=5&status=4&page=185
2013-08-31 21:05:59,608 WARNING Code = 200
2013-08-31 21:05:59,687 WARNING First item on this page is <div class="m_table_tit"><a href="/show?rid=K1CaJ7wxh7qYm" target="_blank">@leon1892 举报@玮锋龙腾-非...</a></div>
2013-08-31 21:06:01,733 WARNING Sleeping...
2013-08-31 21:06:04,727 WARNING Crawling top page url http://service.account.weibo.com/index?type=5&status=4&page=186
2013-08-31 21:06:04,727 WARNING Code = 200
2013-08-31 21:06:04,809 WARNING First item on this page is <div class="m_table_tit"><a href="/show?rid=K1CaJ7wxh7a4m" target="_blank">@梨森_早睡身体好 举报@蜜桃...</a></div>
2013-08-31 21:06:05,861 WARNING Sleeping...
2013-08-31 21:06:36,201 WARNING Crawling top page url http://service.account.weibo.com/index?type=5&status=4&page=187
2013-08-31 21:06:36,201 WARNING Code = 200
2013-08-31 21:06:36,283 WARNING First item on this page is <div class="m_table_tit"><a href="/show?rid=K1CaJ7wxh6aol" target="_blank">@布丁菱歌-可爱的帝都天空树 ...</a></div>
2013-08-31 21:06:38,331 WARNING Sleeping...
2013-08-31 21:06:42,323 WARNING Crawling top page url http://service.account.weibo.com/index?type=5&status=4&page=188
2013-08-31 21:06:42,323 WARNING Code = 200
2013-08-31 21:06:42,420 WARNING First item on this page is <div class="m_table_tit"><a href="/show?rid=K1CaJ7wxg7a4d" target="_blank">@-Moriaty- 举报@commons12 ...</a></div>
2013-08-31 21:06:47,464 WARNING Sleeping...
2013-08-31 21:06:54,084 WARNING Crawling top page url http://service.account.weibo.com/index?type=5&status=4&page=189
2013-08-31 21:06:54,084 WARNING Code = 200
2013-08-31 21:06:54,162 WARNING First item on this page is <div class="m_table_tit"><a href="/show?rid=K1CaJ7wxg66Yi" target="_blank">@放馬過来-風之涙痕 举报@心...</a></div>
2013-08-31 21:06:55,209 WARNING Sleeping...
2013-08-31 21:07:02,752 WARNING Crawling top page url http://service.account.weibo.com/index?type=5&status=4&page=190
2013-08-31 21:07:02,752 WARNING Code = 200
2013-08-31 21:07:02,829 WARNING First item on this page is <div class="m_table_tit"><a href="/show?rid=K1CaJ7wxg6akl" target="_blank">@阿福大魔王 举报@爱睡懒觉德...</a></div>
2013-08-31 21:07:05,874 WARNING Sleeping...
2013-08-31 21:07:08,591 WARNING Crawling top page url http://service.account.weibo.com/index?type=5&status=4&page=191
2013-08-31 21:07:08,591 WARNING Code = 200
2013-08-31 21:07:08,694 WARNING First item on this page is <div class="m_table_tit"><a href="/show?rid=K1CaJ7wxf8qkl" target="_blank">@圈圈-求幸运EX 举报@静静等...</a></div>
2013-08-31 21:07:11,739 WARNING Sleeping...
2013-08-31 21:07:23,239 WARNING Crawling top page url http://service.account.weibo.com/index?type=5&status=4&page=192
2013-08-31 21:07:23,239 WARNING Code = 200
2013-08-31 21:07:23,315 WARNING First item on this page is <div class="m_table_tit"><a href="/show?rid=K1CaJ7wxf8qcl" target="_blank">@芋头还不熟 举报@光头李进 ...</a></div>
2013-08-31 21:07:24,371 WARNING Sleeping...
2013-08-31 21:07:37,238 WARNING Crawling top page url http://service.account.weibo.com/index?type=5&status=4&page=193
2013-08-31 21:07:37,238 WARNING Code = 200
2013-08-31 21:07:37,315 WARNING First item on this page is <div class="m_table_tit"><a href="/show?rid=K1CaJ7wxf8a4m" target="_blank">@长泽夏海 举报@想要变成加菲...</a></div>
2013-08-31 21:07:40,360 WARNING Sleeping...
2013-08-31 21:07:42,167 WARNING Crawling top page url http://service.account.weibo.com/index?type=5&status=4&page=194
2013-08-31 21:07:42,167 WARNING Code = 200
2013-08-31 21:07:42,242 WARNING First item on this page is <div class="m_table_tit"><a href="/show?rid=K1CaJ7wxf8awm" target="_blank">@流民君 举报@叶永楷广东新明...</a></div>
2013-08-31 21:07:45,288 WARNING Sleeping...
2013-08-31 21:07:49,848 WARNING Crawling top page url http://service.account.weibo.com/index?type=5&status=4&page=195
2013-08-31 21:07:49,848 WARNING Code = 200
2013-08-31 21:07:49,925 WARNING First item on this page is <div class="m_table_tit"><a href="/show?rid=K1CaJ7wxf8akm" target="_blank">@阿坝师专校团委 举报@瀚德-...</a></div>
2013-08-31 21:07:51,971 WARNING Sleeping...
2013-08-31 21:08:35,657 WARNING Crawling top page url http://service.account.weibo.com/index?type=5&status=4&page=196
2013-08-31 21:08:35,657 WARNING Code = 200
2013-08-31 21:08:35,733 WARNING First item on this page is <div class="m_table_tit"><a href="/show?rid=K1CaJ7wxf8aYg" target="_blank">@二货萌主 举报@弄不醒豁滴郭...</a></div>
2013-08-31 21:08:39,777 WARNING Sleeping...
2013-08-31 21:08:59,220 WARNING Crawling top page url http://service.account.weibo.com/index?type=5&status=4&page=197
2013-08-31 21:08:59,220 WARNING Code = 200
2013-08-31 21:08:59,305 WARNING First item on this page is <div class="m_table_tit"><a href="/show?rid=K1CaJ7wxf76wm" target="_blank">@剡明 举报@格林豪泰酒店管理...</a></div>
2013-08-31 21:09:04,350 WARNING Sleeping...
2013-08-31 21:09:07,374 WARNING Crawling top page url http://service.account.weibo.com/index?type=5&status=4&page=198
2013-08-31 21:09:07,374 WARNING Code = 200
2013-08-31 21:09:07,466 WARNING First item on this page is <div class="m_table_tit"><a href="/show?rid=K1CaJ7wxf7qch" target="_blank">@lapertenia 举报@森吉梅朵 ...</a></div>
2013-08-31 21:09:10,515 WARNING Sleeping...
2013-08-31 21:09:15,133 WARNING Crawling top page url http://service.account.weibo.com/index?type=5&status=4&page=199
2013-08-31 21:09:15,133 WARNING Code = 200
2013-08-31 21:09:15,214 WARNING First item on this page is <div class="m_table_tit"><a href="/show?rid=K1CaJ7wxf7a4j" target="_blank">@菲亚 举报@辛树林-上海国际...</a></div>
2013-08-31 21:09:20,259 WARNING Sleeping...
2013-08-31 21:09:29,359 WARNING Crawling top page url http://service.account.weibo.com/index?type=5&status=4&page=200
2013-08-31 21:09:29,359 WARNING Code = 200
2013-08-31 21:09:29,435 WARNING First item on this page is <div class="m_table_tit"><a href="/show?rid=K1CaJ7wxf7aYl" target="_blank">@神权吾授 举报@罗壹翔 不实信息</a></div>
2013-08-31 21:09:31,480 WARNING Sleeping...
2013-08-31 21:09:40,583 WARNING Crawling top page url http://service.account.weibo.com/index?type=5&status=4&page=201
2013-08-31 21:09:40,583 WARNING Code = 200
2013-08-31 21:09:40,660 WARNING First item on this page is <div class="m_table_tit"><a href="/show?rid=K1CaJ7wxf66cf" target="_blank">@Dewey_Luo秉遵形而上学 举报...</a></div>
2013-08-31 21:09:41,707 WARNING Sleeping...
2013-08-31 21:10:04,306 WARNING Crawling top page url http://service.account.weibo.com/index?type=5&status=4&page=202
2013-08-31 21:10:04,306 WARNING Code = 200
2013-08-31 21:10:04,383 WARNING First item on this page is <div class="m_table_tit"><a href="/show?rid=K1CaJ7wxd76kj" target="_blank">@坐标标OvO 举报@网站分析公...</a></div>
2013-08-31 21:10:07,429 WARNING Sleeping...
2013-08-31 21:10:26,026 WARNING Crawling top page url http://service.account.weibo.com/index?type=5&status=4&page=203
2013-08-31 21:10:26,026 WARNING Code = 200
2013-08-31 21:10:26,104 WARNING First item on this page is <div class="m_table_tit"><a href="/show?rid=K1CaJ7wtl76gd" target="_blank">@卍囧 举报@徐家汇CBD商圈 不...</a></div>
2013-08-31 21:10:29,150 WARNING Sleeping...
